2025-07-08 12:15:07,196 - __main__ - INFO - Initializing trading system...
2025-07-08 12:15:08,526 - mexc.mexc_client - ERROR - API Error: {'code': 10072, 'msg': 'Api key info invalid'}
2025-07-08 12:15:08,526 - mexc.mexc_client - ERROR - Request failed: API Error: {'code': 10072, 'msg': 'Api key info invalid'}
2025-07-08 12:15:08,526 - __main__ - ERROR - Fatal error: API Error: {'code': 10072, 'msg': 'Api key info invalid'}
2025-07-08 12:15:09,134 - httpx - INFO - HTTP Request: POST https://api.telegram.org/botyour_bot_token/sendMessage "HTTP/1.1 404 Not Found"
2025-07-08 12:22:15,782 - __main__ - INFO - Initializing trading system...
2025-07-08 12:22:17,438 - mexc.mexc_client - ERROR - API Error: {'code': 10072, 'msg': 'Api key info invalid'}
2025-07-08 12:22:17,439 - mexc.mexc_client - ERROR - Request failed: API Error: {'code': 10072, 'msg': 'Api key info invalid'}
2025-07-08 12:22:17,439 - __main__ - ERROR - Fatal error: API Error: {'code': 10072, 'msg': 'Api key info invalid'}
2025-07-08 12:22:20,756 - httpx - INFO - HTTP Request: POST https://api.telegram.org/bot7757074998:AAGiU4SiedwKjM2z7XpwaN5Ao2jnePVJaCU/sendMessage "HTTP/1.1 400 Bad Request"
2025-07-08 12:27:50,774 - __main__ - INFO - Initializing trading system...
2025-07-08 12:27:52,347 - mexc.mexc_client - ERROR - API Error: {'code': 10072, 'msg': 'Api key info invalid'}
2025-07-08 12:27:52,347 - mexc.mexc_client - ERROR - Request failed: API Error: {'code': 10072, 'msg': 'Api key info invalid'}
2025-07-08 12:27:52,347 - __main__ - ERROR - Fatal error: API Error: {'code': 10072, 'msg': 'Api key info invalid'}
2025-07-08 12:27:52,934 - httpx - INFO - HTTP Request: POST https://api.telegram.org/bot7757074998:AAGiU4SiedwKjM2z7XpwaN5Ao2jnePVJaCU/sendMessage "HTTP/1.1 400 Bad Request"
2025-07-08 12:32:38,977 - __main__ - INFO - Initializing trading system...
2025-07-08 12:32:39,997 - mexc.mexc_client - ERROR - API Error: {'code': 10072, 'msg': 'Api key info invalid'}
2025-07-08 12:32:39,998 - mexc.mexc_client - ERROR - Request failed: API Error: {'code': 10072, 'msg': 'Api key info invalid'}
2025-07-08 12:32:39,998 - __main__ - ERROR - Fatal error: API Error: {'code': 10072, 'msg': 'Api key info invalid'}
2025-07-08 12:32:40,601 - httpx - INFO - HTTP Request: POST https://api.telegram.org/bot7757074998:AAGiU4SiedwKjM2z7XpwaN5Ao2jnePVJaCU/sendMessage "HTTP/1.1 200 OK"
2025-07-08 12:32:54,141 - __main__ - INFO - Initializing trading system...
2025-07-08 12:32:55,472 - mexc.mexc_client - ERROR - API Error: {'code': 10072, 'msg': 'Api key info invalid'}
2025-07-08 12:32:55,472 - mexc.mexc_client - ERROR - Request failed: API Error: {'code': 10072, 'msg': 'Api key info invalid'}
2025-07-08 12:32:55,473 - __main__ - ERROR - Fatal error: API Error: {'code': 10072, 'msg': 'Api key info invalid'}
2025-07-08 12:32:56,006 - httpx - INFO - HTTP Request: POST https://api.telegram.org/bot7757074998:AAGiU4SiedwKjM2z7XpwaN5Ao2jnePVJaCU/sendMessage "HTTP/1.1 200 OK"
2025-07-08 12:38:23,899 - __main__ - INFO - Initializing trading system...
2025-07-08 12:38:25,035 - __main__ - INFO - Account balance: {}
2025-07-08 12:38:25,599 - httpx - INFO - HTTP Request: POST https://api.telegram.org/bot7757074998:AAGiU4SiedwKjM2z7XpwaN5Ao2jnePVJaCU/sendMessage "HTTP/1.1 200 OK"
2025-07-08 12:38:27,601 - mexc.mexc_client - INFO - WebSocket connected
2025-07-08 12:38:27,602 - mexc.mexc_client - INFO - Subscribed to 1m kline updates for BTCUSDT
2025-07-08 12:38:27,602 - mexc.mexc_client - INFO - Subscribed to ticker updates for BTCUSDT
2025-07-08 12:38:27,602 - mexc.mexc_client - INFO - Subscribed to order book updates for BTCUSDT
2025-07-08 12:38:28,163 - mexc.mexc_client - ERROR - API Error: {'code': 700004, 'msg': "Mandatory parameter 'signature' was not sent, was empty/null, or malformed."}
2025-07-08 12:38:28,163 - mexc.mexc_client - ERROR - Request failed: API Error: {'code': 700004, 'msg': "Mandatory parameter 'signature' was not sent, was empty/null, or malformed."}
2025-07-08 12:38:28,163 - __main__ - ERROR - Fatal error: API Error: {'code': 700004, 'msg': "Mandatory parameter 'signature' was not sent, was empty/null, or malformed."}
2025-07-08 12:38:28,868 - httpx - INFO - HTTP Request: POST https://api.telegram.org/bot7757074998:AAGiU4SiedwKjM2z7XpwaN5Ao2jnePVJaCU/sendMessage "HTTP/1.1 200 OK"
2025-07-08 12:39:53,559 - __main__ - INFO - Initializing trading system...
2025-07-08 12:39:55,538 - __main__ - INFO - Account balance: {}
2025-07-08 12:39:56,077 - httpx - INFO - HTTP Request: POST https://api.telegram.org/bot7757074998:AAGiU4SiedwKjM2z7XpwaN5Ao2jnePVJaCU/sendMessage "HTTP/1.1 200 OK"
2025-07-08 12:39:57,794 - mexc.mexc_client - INFO - WebSocket connected
2025-07-08 12:39:57,795 - mexc.mexc_client - INFO - Subscribed to 1m kline updates for BTCUSDT
2025-07-08 12:39:57,795 - mexc.mexc_client - INFO - Subscribed to ticker updates for BTCUSDT
2025-07-08 12:39:57,796 - mexc.mexc_client - INFO - Subscribed to order book updates for BTCUSDT
2025-07-08 12:39:58,429 - mexc.mexc_client - ERROR - API Error: {'code': 700004, 'msg': "Mandatory parameter 'signature' was not sent, was empty/null, or malformed."}
2025-07-08 12:39:58,430 - mexc.mexc_client - ERROR - Request failed: API Error: {'code': 700004, 'msg': "Mandatory parameter 'signature' was not sent, was empty/null, or malformed."}
2025-07-08 12:39:58,430 - __main__ - ERROR - Fatal error: API Error: {'code': 700004, 'msg': "Mandatory parameter 'signature' was not sent, was empty/null, or malformed."}
2025-07-08 12:39:59,073 - httpx - INFO - HTTP Request: POST https://api.telegram.org/bot7757074998:AAGiU4SiedwKjM2z7XpwaN5Ao2jnePVJaCU/sendMessage "HTTP/1.1 200 OK"
